<?xml version="1.0" encoding="UTF-8"?>
<!-- Generated by org.testng.reporters.JUnitXMLReporter -->
<testsuite ignored="0" hostname="DESKTOP-NN2G5LG" failures="0" tests="6" name="Default test" time="31.635" errors="0" timestamp="2022-11-09T14:53:09 IST">
  <testcase classname="testngscenario.LoginLogoutDemo" name="launchBrowser" time="5.154"/>
  <testcase classname="testngscenario.LoginLogoutDemo" name="navigate" time="13.029"/>
  <testcase classname="testngscenario.LoginLogoutDemo" name="login" time="8.112"/>
  <testcase classname="testngscenario.LoginLogoutDemo" name="minimizeFlyOutwindow" time="2.201"/>
  <testcase classname="testngscenario.LoginLogoutDemo" name="logout" time="2.545"/>
  <testcase classname="testngscenario.LoginLogoutDemo" name="closeApp" time="0.471"/>
</testsuite> <!-- Default test -->
