<?xml version="1.0" encoding="UTF-8"?>
<testng-results ignored="0" total="6" passed="6" failed="0" skipped="0">
  <reporter-output>
  </reporter-output>
  <suite started-at="2022-11-09T14:52:37 IST" name="Default suite" finished-at="2022-11-09T14:53:09 IST" duration-ms="31635">
    <groups>
    </groups>
    <test started-at="2022-11-09T14:52:37 IST" name="Default test" finished-at="2022-11-09T14:53:09 IST" duration-ms="31635">
      <class name="testngscenario.LoginLogoutDemo">
        <test-method signature="launchBrowser()[pri:1, instance:testngscenario.LoginLogoutDemo@505fc5a4]" started-at="2022-11-09T14:52:37 IST" name="launchBrowser" finished-at="2022-11-09T14:52:43 IST" duration-ms="5154" status="PASS">
          <reporter-output>
          </reporter-output>
        </test-method> <!-- launchBrowser -->
        <test-method signature="navigate()[pri:2, instance:testngscenario.LoginLogoutDemo@505fc5a4]" started-at="2022-11-09T14:52:43 IST" name="navigate" finished-at="2022-11-09T14:52:56 IST" duration-ms="13029" status="PASS">
          <reporter-output>
          </reporter-output>
        </test-method> <!-- navigate -->
        <test-method signature="login(java.lang.String,java.lang.String)[pri:3, instance:testngscenario.LoginLogoutDemo@505fc5a4]" started-at="2022-11-09T14:52:56 IST" name="login" data-provider="login" finished-at="2022-11-09T14:53:04 IST" duration-ms="8112" status="PASS">
          <params>
            <param index="0">
              <value>
                <![CDATA[admin]]>
              </value>
            </param>
            <param index="1">
              <value>
                <![CDATA[manager]]>
              </value>
            </param>
          </params>
          <reporter-output>
          </reporter-output>
        </test-method> <!-- login -->
        <test-method signature="minimizeFlyOutwindow()[pri:4, instance:testngscenario.LoginLogoutDemo@505fc5a4]" started-at="2022-11-09T14:53:04 IST" name="minimizeFlyOutwindow" finished-at="2022-11-09T14:53:06 IST" duration-ms="2201" status="PASS">
          <reporter-output>
          </reporter-output>
        </test-method> <!-- minimizeFlyOutwindow -->
        <test-method signature="logout()[pri:5, instance:testngscenario.LoginLogoutDemo@505fc5a4]" started-at="2022-11-09T14:53:06 IST" name="logout" finished-at="2022-11-09T14:53:08 IST" duration-ms="2545" status="PASS">
          <reporter-output>
          </reporter-output>
        </test-method> <!-- logout -->
        <test-method signature="closeApp()[pri:6, instance:testngscenario.LoginLogoutDemo@505fc5a4]" started-at="2022-11-09T14:53:08 IST" name="closeApp" finished-at="2022-11-09T14:53:09 IST" duration-ms="471" status="PASS">
          <reporter-output>
          </reporter-output>
        </test-method> <!-- closeApp -->
      </class> <!-- testngscenario.LoginLogoutDemo -->
    </test> <!-- Default test -->
  </suite> <!-- Default suite -->
</testng-results>
